<?xml version="1.0" encoding="UTF-8"?>
<!-- Generated by org.testng.reporters.JUnitReportReporter -->
<testsuite hostname="DESKTOP-FNCJLSJ" failures="0" tests="2" name="AmezonFailesTastecases.AmezonTitleVarify" time="19.841" errors="0" timestamp="2023-09-29T01:58:22 IST" skipped="0">
  <testcase classname="AmezonFailesTastecases.AmezonTitleVarify" name="varifyTitle" time="8.302"/>
  <system-out/>
  <testcase classname="AmezonFailesTastecases.AmezonTitleVarify" name="inputSearchText" time="11.539"/>
  <system-out/>
</testsuite> <!-- AmezonFailesTastecases.AmezonTitleVarify -->
